MRP/android/app/build/outputs/logs/manifest-merger-alyyyffpt-debug-report.txt
-- Merging decision tree log ---
manifest
ADDED from src\main\AndroidManifest.xml:1:1-148:12
	package
		ADDED from src\main\AndroidManifest.xml:2:5-23
		INJECTED from src\main\AndroidManifest.xml
		INJECTED from src\main\AndroidManifest.xml
	android:versionName
		INJECTED from src\main\AndroidManifest.xml
		INJECTED from src\main\AndroidManifest.xml
	xmlns:android
		ADDED from src\main\AndroidManifest.xml:1:11-69
	android:versionCode
		INJECTED from src\main\AndroidManifest.xml
		INJECTED from src\main\AndroidManifest.xml
uses-permission#android.permission.INTERNET
ADDED from src\main\AndroidManifest.xml:5:5-67
MERGED from [com.google.android.gms:play-services-gcm:11.0.4] AndroidManifest.xml:21:5-66
MERGED from [com.google.android.gms:play-services-iid:11.0.4] AndroidManifest.xml:21:5-66
MERGED from [RRKC:idsafesV43ll20180531:unspecified] AndroidManifest.xml:11:5-67
MERGED from [RRKC:jpush-react-native:unspecified] AndroidManifest.xml:18:5-67
MERGED from [RRKC:react-native-code-push:unspecified] AndroidManifest.xml:11:5-67
MERGED from [RRKC:UdeskSDKUI:unspecified] AndroidManifest.xml:13:5-67
	android:name
		ADDED from src\main\AndroidManifest.xml:5:22-64
uses-permission#android.permission.READ_EXTERNAL_STORAGE
ADDED from src\main\AndroidManifest.xml:6:5-80
MERGED from [RRKC:idsafesV43ll20180531:unspecified] AndroidManifest.xml:18:5-80
MERGED from [RRKC:jpush-react-native:unspecified] AndroidManifest.xml:22:5-80
MERGED from [RRKC:UdeskSDKUI:unspecified] AndroidManifest.xml:18:5-80
	android:name
		ADDED from src\main\AndroidManifest.xml:6:22-77
uses-permission#android.permission.WRITE_EXTERNAL_STORAGE
ADDED from src\main\AndroidManifest.xml:8:5-81
MERGED from [RRKC:idsafesV43ll20180531:unspecified] AndroidManifest.xml:16:5-81
MERGED from [RRKC:jpush-react-native:unspecified] AndroidManifest.xml:21:5-81
MERGED from [RRKC:UdeskSDKUI:unspecified] AndroidManifest.xml:16:5-81
	android:name
		ADDED from src\main\AndroidManifest.xml:8:22-78
uses-permission#android.permission.SYSTEM_ALERT_WINDOW
ADDED from src\main\AndroidManifest.xml:9:5-78
MERGED from [RRKC:jpush-react-native:unspecified] AndroidManifest.xml:30:5-78
MERGED from [com.facebook.react:react-native:0.44.3] AndroidManifest.xml:11:5-78
	android:name
		ADDED from src\main\AndroidManifest.xml:9:22-75
uses-permission#android.permission.ACCESS_NETWORK_STATE
ADDED from src\main\AndroidManifest.xml:10:5-79
MERGED from [RRKC:idsafesV43ll20180531:unspecified] AndroidManifest.xml:12:5-79
MERGED from [RRKC:jpush-react-native:unspecified] AndroidManifest.xml:26:5-79
MERGED from [RRKC:UdeskSDKUI:unspecified] AndroidManifest.xml:15:5-79
	android:name
		ADDED from src\main\AndroidManifest.xml:10:22-76
uses-permission#android.permission.ACCESS_WIFI_STATE
ADDED from src\main\AndroidManifest.xml:11:5-76
MERGED from [RRKC:idsafesV43ll20180531:unspecified] AndroidManifest.xml:13:5-76
MERGED from [RRKC:jpush-react-native:unspecified] AndroidManifest.xml:27:5-76
MERGED from [RRKC:UdeskSDKUI:unspecified] AndroidManifest.xml:12:5-76
	android:name
		ADDED from src\main\AndroidManifest.xml:11:22-73
uses-permission#android.permission.READ_PHONE_STATE
ADDED from src\main\AndroidManifest.xml:12:5-75
MERGED from [RRKC:idsafesV43ll20180531:unspecified] AndroidManifest.xml:15:5-75
MERGED from [RRKC:jpush-react-native:unspecified] AndroidManifest.xml:20:5-75
MERGED from [RRKC:UdeskSDKUI:unspecified] AndroidManifest.xml:14:5-75
	android:name
		ADDED from src\main\AndroidManifest.xml:12:22-72
uses-permission#android.permission.READ_LOGS
ADDED from src\main\AndroidManifest.xml:13:5-68
	android:name
		ADDED from src\main\AndroidManifest.xml:13:22-65
uses-permission#android.permission.CHANGE_WIFI_STATE
ADDED from src\main\AndroidManifest.xml:15:5-76
MERGED from [RRKC:idsafesV43ll20180531:unspecified] AndroidManifest.xml:14:5-76
MERGED from [RRKC:jpush-react-native:unspecified] AndroidManifest.xml:32:5-76
	android:name
		ADDED from src\main\AndroidManifest.xml:15:22-73
uses-permission#android.permission.CAMERA
ADDED from src\main\AndroidManifest.xml:16:5-65
MERGED from [RRKC:idsafesV43ll20180531:unspecified] AndroidManifest.xml:19:5-65
MERGED from [RRKC:UdeskSDKUI:unspecified] AndroidManifest.xml:20:5-65
	android:name
		ADDED from src\main\AndroidManifest.xml:16:22-62
uses-permission#android.permission.RECORD_AUDIO
ADDED from src\main\AndroidManifest.xml:17:5-71
MERGED from [RRKC:idsafesV43ll20180531:unspecified] AndroidManifest.xml:20:5-71
MERGED from [RRKC:UdeskSDKUI:unspecified] AndroidManifest.xml:17:5-71
	android:name
		ADDED from src\main\AndroidManifest.xml:17:22-68
uses-permission#android.permission.VIBRATE
ADDED from src\main\AndroidManifest.xml:18:5-66
MERGED from [RRKC:idsafesV43ll20180531:unspecified] AndroidManifest.xml:21:5-66
MERGED from [RRKC:jpush-react-native:unspecified] AndroidManifest.xml:24:5-66
	android:name
		ADDED from src\main\AndroidManifest.xml:18:22-63
uses-permission#android.permission.FLASHLIGHT
ADDED from src\main\AndroidManifest.xml:19:5-69
MERGED from [RRKC:idsafesV43ll20180531:unspecified] AndroidManifest.xml:22:5-69
	android:name
		ADDED from src\main\AndroidManifest.xml:19:22-66
uses-permission#android.permission.ACCESS_FINE_LOCATION
ADDED from src\main\AndroidManifest.xml:20:5-79
MERGED from [RRKC:idsafesV43ll20180531:unspecified] AndroidManifest.xml:25:5-79
MERGED from [RRKC:jpush-react-native:unspecified] AndroidManifest.xml:33:5-79
	android:name
		ADDED from src\main\AndroidManifest.xml:20:22-76
uses-permission#android.permission.BATTERY_STATS
ADDED from src\main\AndroidManifest.xml:21:5-72
MERGED from [RRKC:idsafesV43ll20180531:unspecified] AndroidManifest.xml:26:5-72
	android:name
		ADDED from src\main\AndroidManifest.xml:21:22-69
uses-permission#android.permission.BLUETOOTH
ADDED from src\main\AndroidManifest.xml:22:5-68
MERGED from [RRKC:idsafesV43ll20180531:unspecified] AndroidManifest.xml:27:5-68
	android:name
		ADDED from src\main\AndroidManifest.xml:22:22-65
uses-feature#android.hardware.camera
ADDED from src\main\AndroidManifest.xml:23:5-60
MERGED from [RRKC:idsafesV43ll20180531:unspecified] AndroidManifest.xml:30:5-60
	android:name
		ADDED from src\main\AndroidManifest.xml:23:19-57
uses-feature#android.hardware.camera.autofocus
ADDED from src\main\AndroidManifest.xml:24:5-70
MERGED from [RRKC:idsafesV43ll20180531:unspecified] AndroidManifest.xml:31:5-70
	android:name
		ADDED from src\main\AndroidManifest.xml:24:19-67
uses-permission#android.permission.ACCESS_COARSE_LOCATION
ADDED from src\main\AndroidManifest.xml:28:5-81
MERGED from [RRKC:jpush-react-native:unspecified] AndroidManifest.xml:31:5-81
	android:name
		ADDED from src\main\AndroidManifest.xml:28:22-78
uses-permission#android.permission.WRITE_SETTINGS
ADDED from src\main\AndroidManifest.xml:33:5-73
MERGED from [RRKC:idsafesV43ll20180531:unspecified] AndroidManifest.xml:17:5-73
MERGED from [RRKC:jpush-react-native:unspecified] AndroidManifest.xml:23:5-73
	android:name
		ADDED from src\main\AndroidManifest.xml:33:22-70
uses-permission#android.permission.WAKE_LOCK
ADDED from src\main\AndroidManifest.xml:36:5-68
MERGED from [RRKC:jpush-react-native:unspecified] AndroidManifest.xml:19:5-68
	android:name
		ADDED from src\main\AndroidManifest.xml:36:22-65
uses-permission#android.permission.READ_SMS
ADDED from src\main\AndroidManifest.xml:38:5-67
	android:name
		ADDED from src\main\AndroidManifest.xml:38:22-64
uses-permission#android.permission.READ_CONTACTS
ADDED from src\main\AndroidManifest.xml:39:5-72
	android:name
		ADDED from src\main\AndroidManifest.xml:39:22-69
uses-permission#android.permission.READ_CALL_LOG
ADDED from src\main\AndroidManifest.xml:40:5-72
	android:name
		ADDED from src\main\AndroidManifest.xml:40:22-69
uses-feature#android.hardware.sensor.accelerometer
ADDED from src\main\AndroidManifest.xml:60:5-62:35
	android:required
		ADDED from src\main\AndroidManifest.xml:62:9-32
	android:name
		ADDED from src\main\AndroidManifest.xml:61:9-61
uses-permission#android.permission.BLUETOOTH_ADMIN
ADDED from src\main\AndroidManifest.xml:66:5-74
	android:name
		ADDED from src\main\AndroidManifest.xml:66:22-71
uses-permission#android.permission.ACCESS_LOCATION_EXTRA_COMMANDS
ADDED from src\main\AndroidManifest.xml:85:5-89
MERGED from [RRKC:jpush-react-native:unspecified] AndroidManifest.xml:34:5-89
	android:name
		ADDED from src\main\AndroidManifest.xml:85:22-86
uses-permission#android.permission.RECEIVE_SMS
ADDED from src\main\AndroidManifest.xml:90:5-70
	android:name
		ADDED from src\main\AndroidManifest.xml:90:22-67
uses-sdk
ADDED from src\main\AndroidManifest.xml:92:5-94:41
MERGED from [com.android.support:multidex:1.0.1] AndroidManifest.xml:18:5-42
MERGED from [com.google.android.gms:play-services-gcm:11.0.4] AndroidManifest.xml:17:5-43
MERGED from [com.google.android.gms:play-services-iid:11.0.4] AndroidManifest.xml:17:5-43
MERGED from [com.google.android.gms:play-services-base:11.0.4] AndroidManifest.xml:17:5-43
MERGED from [com.google.android.gms:play-services-tasks:11.0.4] AndroidManifest.xml:3:5-43
MERGED from [com.google.android.gms:play-services-basement:11.0.4] AndroidManifest.xml:17:5-43
MERGED from [com.android.support:recyclerview-v7:23.4.0] AndroidManifest.xml:20:5-43
MERGED from [com.android.support:support-v13:24.2.1] AndroidManifest.xml:21:5-23:55
MERGED from [RRKC:idsafesV43ll20180531:unspecified] AndroidManifest.xml:7:5-9:41
MERGED from [RRKC:react-native-linear-gradient:unspecified] AndroidManifest.xml:7:5-9:41
MERGED from [RRKC:jpush-react-native:unspecified] AndroidManifest.xml:7:5-9:41
MERGED from [RRKC:jcore-react-native:unspecified] AndroidManifest.xml:7:5-9:41
MERGED from [RRKC:react-native-code-push:unspecified] AndroidManifest.xml:7:5-9:41
MERGED from [com.facebook.react:react-native:0.44.3] AndroidManifest.xml:7:5-9:41
MERGED from [com.facebook.fbui.textlayoutbuilder:textlayoutbuilder:1.0.0] AndroidManifest.xml:14:5-16:41
MERGED from [com.facebook.fresco:fresco:1.0.1] AndroidManifest.xml:5:5-7:41
MERGED from [com.facebook.fresco:drawee:1.0.1] AndroidManifest.xml:5:5-7:41
MERGED from [com.facebook.fresco:imagepipeline-okhttp3:1.0.1] AndroidManifest.xml:5:5-7:41
MERGED from [com.facebook.fresco:imagepipeline:1.0.1] AndroidManifest.xml:5:5-7:41
MERGED from [com.facebook.fresco:imagepipeline-base:1.0.1] AndroidManifest.xml:5:5-7:41
MERGED from [com.facebook.fresco:fbcore:1.0.1] AndroidManifest.xml:5:5-7:41
MERGED from [com.facebook.soloader:soloader:0.1.0] AndroidManifest.xml:2:3-70
MERGED from [RRKC:UdeskSDKUI:unspecified] AndroidManifest.xml:8:5-10:41
MERGED from [com.tbruyelle.rxpermissions:rxpermissions:0.7.0] AndroidManifest.xml:6:5-8:41
MERGED from [de.hdodenhof:circleimageview:2.0.0] AndroidManifest.xml:5:5-7:41
MERGED from [com.android.support:appcompat-v7:24.0.0] AndroidManifest.xml:21:5-23:78
MERGED from [com.android.support:animated-vector-drawable:24.0.0] AndroidManifest.xml:20:5-44
MERGED from [com.android.support:support-vector-drawable:24.0.0] AndroidManifest.xml:21:5-43
MERGED from [com.android.support:support-v4:25.2.0] AndroidManifest.xml:21:5-23:54
MERGED from [com.android.support:support-fragment:25.2.0] AndroidManifest.xml:21:5-23:60
MERGED from [com.android.support:support-media-compat:25.2.0] AndroidManifest.xml:21:5-23:63
MERGED from [com.android.support:support-core-ui:25.2.0] AndroidManifest.xml:21:5-23:58
MERGED from [com.android.support:support-core-utils:25.2.0] AndroidManifest.xml:21:5-23:61
MERGED from [com.android.support:support-compat:25.2.0] AndroidManifest.xml:21:5-23:58
MERGED from [:moxie-client-2.3.5:] AndroidManifest.xml:7:5-9:41
	tools:overrideLibrary
		ADDED from [com.android.support:support-v13:24.2.1] AndroidManifest.xml:23:9-52
	android:targetSdkVersion
		ADDED from src\main\AndroidManifest.xml:94:9-38
		INJECTED from src\main\AndroidManifest.xml
		INJECTED from src\main\AndroidManifest.xml
	android:minSdkVersion
		ADDED from src\main\AndroidManifest.xml:93:9-35
		INJECTED from src\main\AndroidManifest.xml
		INJECTED from src\main\AndroidManifest.xml
application
ADDED from src\main\AndroidManifest.xml:96:5-146:19
MERGED from [com.google.android.gms:play-services-gcm:11.0.4] AndroidManifest.xml:23:5-19
MERGED from [com.google.android.gms:play-services-iid:11.0.4] AndroidManifest.xml:23:5-19
MERGED from [com.google.android.gms:play-services-base:11.0.4] AndroidManifest.xml:18:5-20:19
MERGED from [com.google.android.gms:play-services-tasks:11.0.4] AndroidManifest.xml:4:5-19
MERGED from [com.google.android.gms:play-services-basement:11.0.4] AndroidManifest.xml:19:5-21:19
MERGED from [com.android.support:support-v13:24.2.1] AndroidManifest.xml:25:5-20
MERGED from [RRKC:idsafesV43ll20180531:unspecified] AndroidManifest.xml:33:5-50:19
MERGED from [RRKC:jpush-react-native:unspecified] AndroidManifest.xml:38:5-102:19
MERGED from [RRKC:jcore-react-native:unspecified] AndroidManifest.xml:11:5-58:19
MERGED from [RRKC:react-native-code-push:unspecified] AndroidManifest.xml:13:5-15:19
MERGED from [com.facebook.react:react-native:0.44.3] AndroidManifest.xml:13:5-20
MERGED from [com.facebook.soloader:soloader:0.1.0] AndroidManifest.xml:3:3-17
MERGED from [org.webkit:android-jsc:r174650] AndroidManifest.xml:2:3-17
MERGED from [RRKC:UdeskSDKUI:unspecified] AndroidManifest.xml:22:5-75:19
MERGED from [com.tbruyelle.rxpermissions:rxpermissions:0.7.0] AndroidManifest.xml:10:5-15:19
MERGED from [de.hdodenhof:circleimageview:2.0.0] AndroidManifest.xml:9:5-20
MERGED from [com.android.support:appcompat-v7:24.0.0] AndroidManifest.xml:25:5-20
MERGED from [com.android.support:animated-vector-drawable:24.0.0] AndroidManifest.xml:22:5-20
MERGED from [com.android.support:support-vector-drawable:24.0.0] AndroidManifest.xml:23:5-20
MERGED from [com.android.support:support-v4:25.2.0] AndroidManifest.xml:25:5-20
MERGED from [com.android.support:support-fragment:25.2.0] AndroidManifest.xml:25:5-20
MERGED from [com.android.support:support-media-compat:25.2.0] AndroidManifest.xml:25:5-20
MERGED from [com.android.support:support-core-ui:25.2.0] AndroidManifest.xml:25:5-20
MERGED from [com.android.support:support-core-utils:25.2.0] AndroidManifest.xml:25:5-20
MERGED from [com.android.support:support-compat:25.2.0] AndroidManifest.xml:25:5-20
	android:label
		ADDED from src\main\AndroidManifest.xml:100:9-41
	android:allowBackup
		ADDED from src\main\AndroidManifest.xml:98:9-35
	android:icon
		ADDED from src\main\AndroidManifest.xml:99:9-40
	android:theme
		ADDED from src\main\AndroidManifest.xml:101:9-40
	android:name
		ADDED from src\main\AndroidManifest.xml:97:9-40
meta-data#com.amap.api.v2.apikey
ADDED from src\main\AndroidManifest.xml:103:9-105:43
	android:value
		ADDED from src\main\AndroidManifest.xml:105:13-40
		INJECTED from src\main\AndroidManifest.xml
	android:name
		ADDED from src\main\AndroidManifest.xml:104:13-50
meta-data#UMENG_APPKEY
ADDED from src\main\AndroidManifest.xml:107:9-109:44
	android:value
		ADDED from src\main\AndroidManifest.xml:109:13-41
		INJECTED from src\main\AndroidManifest.xml
	android:name
		ADDED from src\main\AndroidManifest.xml:108:13-40
meta-data#UMENG_CHANNEL
ADDED from src\main\AndroidManifest.xml:111:9-113:46
	android:value
		ADDED from src\main\AndroidManifest.xml:113:13-43
		INJECTED from src\main\AndroidManifest.xml
	android:name
		ADDED from src\main\AndroidManifest.xml:112:13-41
meta-data#JPUSH_CHANNEL
ADDED from src\main\AndroidManifest.xml:115:9-117:46
	android:value
		ADDED from src\main\AndroidManifest.xml:117:13-43
		INJECTED from src\main\AndroidManifest.xml
	android:name
		ADDED from src\main\AndroidManifest.xml:116:13-41
meta-data#JPUSH_APPKEY
ADDED from src\main\AndroidManifest.xml:118:9-120:47
	android:value
		ADDED from src\main\AndroidManifest.xml:120:13-44
		INJECTED from src\main\AndroidManifest.xml
	android:name
		ADDED from src\main\AndroidManifest.xml:119:13-40
service#com.amap.api.location.APSService
ADDED from src\main\AndroidManifest.xml:122:9-68
	android:name
		ADDED from src\main\AndroidManifest.xml:122:18-65
activity#com.qmhx.MainActivity
ADDED from src\main\AndroidManifest.xml:124:9-135:20
	android:screenOrientation
		ADDED from src\main\AndroidManifest.xml:126:13-49
	android:label
		ADDED from src\main\AndroidManifest.xml:128:13-45
	android:launchMode
		ADDED from src\main\AndroidManifest.xml:130:13-44
	android:windowSoftInputMode
		ADDED from src\main\AndroidManifest.xml:129:13-55
	android:configChanges
		ADDED from src\main\AndroidManifest.xml:127:13-83
	android:name
		ADDED from src\main\AndroidManifest.xml:125:13-41
intent-filter#android.intent.action.MAIN+android.intent.category.LAUNCHER
ADDED from src\main\AndroidManifest.xml:131:13-134:29
action#android.intent.action.MAIN
ADDED from src\main\AndroidManifest.xml:132:17-69
	android:name
		ADDED from src\main\AndroidManifest.xml:132:25-66
category#android.intent.category.LAUNCHER
ADDED from src\main\AndroidManifest.xml:133:17-77
	android:name
		ADDED from src\main\AndroidManifest.xml:133:27-74
activity#com.qmhx.Location.AMapActivity
ADDED from src\main\AndroidManifest.xml:137:9-140:70
	android:screenOrientation
		ADDED from src\main\AndroidManifest.xml:139:13-49
	android:windowSoftInputMode
		ADDED from src\main\AndroidManifest.xml:140:13-67
	android:name
		ADDED from src\main\AndroidManifest.xml:138:13-50
activity#com.moxie.client.MainActivity
ADDED from src\main\AndroidManifest.xml:142:9-103
	android:screenOrientation
		ADDED from src\main\AndroidManifest.xml:142:64-100
	android:name
		ADDED from src\main\AndroidManifest.xml:142:19-63
activity#com.facebook.react.devsupport.DevSettingsActivity
ADDED from src\main\AndroidManifest.xml:144:9-86
MERGED from [RRKC:react-native-code-push:unspecified] AndroidManifest.xml:14:9-86
	android:name
		ADDED from src\main\AndroidManifest.xml:144:19-83
uses-permission#com.google.android.c2dm.permission.RECEIVE
ADDED from [com.google.android.gms:play-services-gcm:11.0.4] AndroidManifest.xml:20:5-81
MERGED from [com.google.android.gms:play-services-iid:11.0.4] AndroidManifest.xml:20:5-81
	android:name
		ADDED from [com.google.android.gms:play-services-gcm:11.0.4] AndroidManifest.xml:20:22-79
activity#com.google.android.gms.common.api.GoogleApiActivity
ADDED from [com.google.android.gms:play-services-base:11.0.4] AndroidManifest.xml:19:9-172
	android:exported
		ADDED from [com.google.android.gms:play-services-base:11.0.4] AndroidManifest.xml:19:146-170
	android:theme
		ADDED from [com.google.android.gms:play-services-base:11.0.4] AndroidManifest.xml:19:86-145
	android:name
		ADDED from [com.google.android.gms:play-services-base:11.0.4] AndroidManifest.xml:19:19-85
meta-data#com.google.android.gms.version
ADDED from [com.google.android.gms:play-services-basement:11.0.4] AndroidManifest.xml:20:9-121
	android:value
		ADDED from [com.google.android.gms:play-services-basement:11.0.4] AndroidManifest.xml:20:66-119
	android:name
		ADDED from [com.google.android.gms:play-services-basement:11.0.4] AndroidManifest.xml:20:20-65
activity#com.authreal.ui.SuperActivity
ADDED from [RRKC:idsafesV43ll20180531:unspecified] AndroidManifest.xml:34:9-39:52
	android:screenOrientation
		ADDED from [RRKC:idsafesV43ll20180531:unspecified] AndroidManifest.xml:38:13-49
	android:label
		ADDED from [RRKC:idsafesV43ll20180531:unspecified] AndroidManifest.xml:36:13-52
	android:launchMode
		ADDED from [RRKC:idsafesV43ll20180531:unspecified] AndroidManifest.xml:37:13-43
	android:theme
		ADDED from [RRKC:idsafesV43ll20180531:unspecified] AndroidManifest.xml:39:13-49
	android:name
		ADDED from [RRKC:idsafesV43ll20180531:unspecified] AndroidManifest.xml:35:13-57
activity#com.authreal.ui.WebActivity
ADDED from [RRKC:idsafesV43ll20180531:unspecified] AndroidManifest.xml:40:9-45:52
	android:screenOrientation
		ADDED from [RRKC:idsafesV43ll20180531:unspecified] AndroidManifest.xml:44:13-49
	android:label
		ADDED from [RRKC:idsafesV43ll20180531:unspecified] AndroidManifest.xml:42:13-52
	android:launchMode
		ADDED from [RRKC:idsafesV43ll20180531:unspecified] AndroidManifest.xml:43:13-43
	android:theme
		ADDED from [RRKC:idsafesV43ll20180531:unspecified] AndroidManifest.xml:45:13-49
	android:name
		ADDED from [RRKC:idsafesV43ll20180531:unspecified] AndroidManifest.xml:41:13-55
activity#com.authreal.ui.CameraPortraitActivity
ADDED from [RRKC:idsafesV43ll20180531:unspecified] AndroidManifest.xml:46:9-49:52
	android:screenOrientation
		ADDED from [RRKC:idsafesV43ll20180531:unspecified] AndroidManifest.xml:48:13-49
	android:theme
		ADDED from [RRKC:idsafesV43ll20180531:unspecified] AndroidManifest.xml:49:13-49
	android:name
		ADDED from [RRKC:idsafesV43ll20180531:unspecified] AndroidManifest.xml:47:13-66
permission#${applicationId}.permission.JPUSH_MESSAGE
ADDED from [RRKC:jpush-react-native:unspecified] AndroidManifest.xml:11:5-13:47
	android:protectionLevel
		ADDED from [RRKC:jpush-react-native:unspecified] AndroidManifest.xml:13:9-44
	android:name
		ADDED from [RRKC:jpush-react-native:unspecified] AndroidManifest.xml:12:9-65
uses-permission#${applicationId}.permission.JPUSH_MESSAGE
ADDED from [RRKC:jpush-react-native:unspecified] AndroidManifest.xml:16:5-81
	android:name
		ADDED from [RRKC:jpush-react-native:unspecified] AndroidManifest.xml:16:22-78
uses-permission#android.permission.RECEIVE_USER_PRESENT
ADDED from [RRKC:jpush-react-native:unspecified] AndroidManifest.xml:17:5-79
	android:name
		ADDED from [RRKC:jpush-react-native:unspecified] AndroidManifest.xml:17:22-76
uses-permission#android.permission.MOUNT_UNMOUNT_FILESYSTEMS
ADDED from [RRKC:jpush-react-native:unspecified] AndroidManifest.xml:25:5-84
	android:name
		ADDED from [RRKC:jpush-react-native:unspecified] AndroidManifest.xml:25:22-81
uses-permission#android.permission.CHANGE_NETWORK_STATE
ADDED from [RRKC:jpush-react-native:unspecified] AndroidManifest.xml:35:5-79
	android:name
		ADDED from [RRKC:jpush-react-native:unspecified] AndroidManifest.xml:35:22-76
uses-permission#android.permission.GET_TASKS
ADDED from [RRKC:jpush-react-native:unspecified] AndroidManifest.xml:36:5-68
	android:name
		ADDED from [RRKC:jpush-react-native:unspecified] AndroidManifest.xml:36:22-65
activity#cn.jpush.android.ui.PushActivity
ADDED from [RRKC:jpush-react-native:unspecified] AndroidManifest.xml:41:9-52:20
	android:exported
		ADDED from [RRKC:jpush-react-native:unspecified] AndroidManifest.xml:44:13-37
	android:configChanges
		ADDED from [RRKC:jpush-react-native:unspecified] AndroidManifest.xml:43:13-63
	android:theme
		ADDED from [RRKC:jpush-react-native:unspecified] AndroidManifest.xml:45:13-60
	android:name
		ADDED from [RRKC:jpush-react-native:unspecified] AndroidManifest.xml:42:13-60
intent-filter#${applicationId}+android.intent.category.DEFAULT+cn.jpush.android.ui.PushActivity
ADDED from [RRKC:jpush-react-native:unspecified] AndroidManifest.xml:46:13-51:29
action#cn.jpush.android.ui.PushActivity
ADDED from [RRKC:jpush-react-native:unspecified] AndroidManifest.xml:47:17-75
	android:name
		ADDED from [RRKC:jpush-react-native:unspecified] AndroidManifest.xml:47:25-72
category#android.intent.category.DEFAULT
ADDED from [RRKC:jpush-react-native:unspecified] AndroidManifest.xml:49:17-76
	android:name
		ADDED from [RRKC:jpush-react-native:unspecified] AndroidManifest.xml:49:27-73
category#${applicationId}
ADDED from [RRKC:jpush-react-native:unspecified] AndroidManifest.xml:50:17-61
	android:name
		ADDED from [RRKC:jpush-react-native:unspecified] AndroidManifest.xml:50:27-58
activity#cn.jpush.android.ui.PopWinActivity
ADDED from [RRKC:jpush-react-native:unspecified] AndroidManifest.xml:55:9-59:20
	android:exported
		ADDED from [RRKC:jpush-react-native:unspecified] AndroidManifest.xml:57:13-37
	android:theme
		ADDED from [RRKC:jpush-react-native:unspecified] AndroidManifest.xml:58:13-49
	android:name
		ADDED from [RRKC:jpush-react-native:unspecified] AndroidManifest.xml:56:13-62
service#cn.jpush.android.service.DownloadService
ADDED from [RRKC:jpush-react-native:unspecified] AndroidManifest.xml:62:9-66:19
	android:enabled
		ADDED from [RRKC:jpush-react-native:unspecified] AndroidManifest.xml:64:13-35
	android:exported
		ADDED from [RRKC:jpush-react-native:unspecified] AndroidManifest.xml:65:13-37
	android:name
		ADDED from [RRKC:jpush-react-native:unspecified] AndroidManifest.xml:63:13-68
service#cn.jpush.android.service.DaemonService
ADDED from [RRKC:jpush-react-native:unspecified] AndroidManifest.xml:69:9-78:19
	android:enabled
		ADDED from [RRKC:jpush-react-native:unspecified] AndroidManifest.xml:71:13-35
	android:exported
		ADDED from [RRKC:jpush-react-native:unspecified] AndroidManifest.xml:72:13-36
	android:name
		ADDED from [RRKC:jpush-react-native:unspecified] AndroidManifest.xml:70:13-66
intent-filter#${applicationId}+cn.jpush.android.intent.DaemonService
ADDED from [RRKC:jpush-react-native:unspecified] AndroidManifest.xml:73:13-77:29
action#cn.jpush.android.intent.DaemonService
ADDED from [RRKC:jpush-react-native:unspecified] AndroidManifest.xml:74:17-80
	android:name
		ADDED from [RRKC:jpush-react-native:unspecified] AndroidManifest.xml:74:25-77
receiver#cn.jpush.reactnativejpush.JPushModule$JPushReceiver
ADDED from [RRKC:jpush-react-native:unspecified] AndroidManifest.xml:81:9-93:20
	android:enabled
		ADDED from [RRKC:jpush-react-native:unspecified] AndroidManifest.xml:83:13-35
	android:name
		ADDED from [RRKC:jpush-react-native:unspecified] AndroidManifest.xml:82:13-79
intent-filter#${applicationId}+cn.jpush.android.intent.ACTION_RICHPUSH_CALLBACK+cn.jpush.android.intent.CONNECTION+cn.jpush.android.intent.MESSAGE_RECEIVED+cn.jpush.android.intent.NOTIFICATION_OPENED+cn.jpush.android.intent.NOTIFICATION_RECEIVED+cn.jpush.android.intent.REGISTRATION
ADDED from [RRKC:jpush-react-native:unspecified] AndroidManifest.xml:84:13-92:29
action#cn.jpush.android.intent.REGISTRATION
ADDED from [RRKC:jpush-react-native:unspecified] AndroidManifest.xml:85:17-79
	android:name
		ADDED from [RRKC:jpush-react-native:unspecified] AndroidManifest.xml:85:25-76
action#cn.jpush.android.intent.MESSAGE_RECEIVED
ADDED from [RRKC:jpush-react-native:unspecified] AndroidManifest.xml:86:17-83
	android:name
		ADDED from [RRKC:jpush-react-native:unspecified] AndroidManifest.xml:86:25-80
action#cn.jpush.android.intent.NOTIFICATION_RECEIVED
ADDED from [RRKC:jpush-react-native:unspecified] AndroidManifest.xml:87:17-88
	android:name
		ADDED from [RRKC:jpush-react-native:unspecified] AndroidManifest.xml:87:25-85
action#cn.jpush.android.intent.NOTIFICATION_OPENED
ADDED from [RRKC:jpush-react-native:unspecified] AndroidManifest.xml:88:17-86
	android:name
		ADDED from [RRKC:jpush-react-native:unspecified] AndroidManifest.xml:88:25-83
action#cn.jpush.android.intent.ACTION_RICHPUSH_CALLBACK
ADDED from [RRKC:jpush-react-native:unspecified] AndroidManifest.xml:89:17-91
	android:name
		ADDED from [RRKC:jpush-react-native:unspecified] AndroidManifest.xml:89:25-88
action#cn.jpush.android.intent.CONNECTION
ADDED from [RRKC:jpush-react-native:unspecified] AndroidManifest.xml:90:17-77
	android:name
		ADDED from [RRKC:jpush-react-native:unspecified] AndroidManifest.xml:90:25-74
receiver#cn.jpush.reactnativejpush.JPushModule$MyJPushMessageReceiver
ADDED from [RRKC:jpush-react-native:unspecified] AndroidManifest.xml:95:9-101:20
	android:name
		ADDED from [RRKC:jpush-react-native:unspecified] AndroidManifest.xml:95:19-94
intent-filter#${applicationId}+cn.jpush.android.intent.RECEIVE_MESSAGE
ADDED from [RRKC:jpush-react-native:unspecified] AndroidManifest.xml:96:13-100:29
action#cn.jpush.android.intent.RECEIVE_MESSAGE
ADDED from [RRKC:jpush-react-native:unspecified] AndroidManifest.xml:97:17-82
	android:name
		ADDED from [RRKC:jpush-react-native:unspecified] AndroidManifest.xml:97:25-79
service#cn.jpush.android.service.PushService
ADDED from [RRKC:jcore-react-native:unspecified] AndroidManifest.xml:16:9-26:19
	android:enabled
		ADDED from [RRKC:jcore-react-native:unspecified] AndroidManifest.xml:18:13-35
	android:exported
		ADDED from [RRKC:jcore-react-native:unspecified] AndroidManifest.xml:19:13-37
	android:name
		ADDED from [RRKC:jcore-react-native:unspecified] AndroidManifest.xml:17:13-64
intent-filter#cn.jpush.android.intent.PUSH_TIME+cn.jpush.android.intent.PushService+cn.jpush.android.intent.REGISTER+cn.jpush.android.intent.REPORT
ADDED from [RRKC:jcore-react-native:unspecified] AndroidManifest.xml:20:13-25:29
action#cn.jpush.android.intent.REGISTER
ADDED from [RRKC:jcore-react-native:unspecified] AndroidManifest.xml:21:17-75
	android:name
		ADDED from [RRKC:jcore-react-native:unspecified] AndroidManifest.xml:21:25-72
action#cn.jpush.android.intent.REPORT
ADDED from [RRKC:jcore-react-native:unspecified] AndroidManifest.xml:22:17-73
	android:name
		ADDED from [RRKC:jcore-react-native:unspecified] AndroidManifest.xml:22:25-70
action#cn.jpush.android.intent.PushService
ADDED from [RRKC:jcore-react-native:unspecified] AndroidManifest.xml:23:17-78
	android:name
		ADDED from [RRKC:jcore-react-native:unspecified] AndroidManifest.xml:23:25-75
action#cn.jpush.android.intent.PUSH_TIME
ADDED from [RRKC:jcore-react-native:unspecified] AndroidManifest.xml:24:17-76
	android:name
		ADDED from [RRKC:jcore-react-native:unspecified] AndroidManifest.xml:24:25-73
provider#cn.jpush.android.service.DataProvider
ADDED from [RRKC:jcore-react-native:unspecified] AndroidManifest.xml:29:9-32:39
	android:authorities
		ADDED from [RRKC:jcore-react-native:unspecified] AndroidManifest.xml:31:13-64
	android:exported
		ADDED from [RRKC:jcore-react-native:unspecified] AndroidManifest.xml:32:13-36
	android:name
		ADDED from [RRKC:jcore-react-native:unspecified] AndroidManifest.xml:30:13-65
receiver#cn.jpush.android.service.PushReceiver
ADDED from [RRKC:jcore-react-native:unspecified] AndroidManifest.xml:35:9-54:20
	android:enabled
		ADDED from [RRKC:jcore-react-native:unspecified] AndroidManifest.xml:37:13-35
	android:exported
		ADDED from [RRKC:jcore-react-native:unspecified] AndroidManifest.xml:38:13-37
	android:name
		ADDED from [RRKC:jcore-react-native:unspecified] AndroidManifest.xml:36:13-65